<?xml version="1.0" encoding="UTF-8"?>
<testng-results skipped="0" failed="0" ignored="0" total="1" passed="1">
  <reporter-output>
  </reporter-output>
  <suite name="Default suite" duration-ms="85" started-at="2020-09-12T03:01:20Z" finished-at="2020-09-12T03:01:20Z">
    <groups>
    </groups>
    <test name="Default test" duration-ms="85" started-at="2020-09-12T03:01:20Z" finished-at="2020-09-12T03:01:20Z">
      <class name="Test">
        <test-method status="PASS" signature="testOne()[pri:0, instance:Test@6cc4c815]" name="testOne" duration-ms="13" started-at="2020-09-12T08:31:20Z" finished-at="2020-09-12T08:31:20Z">
          <reporter-output>
          </reporter-output>
        </test-method> <!-- testOne -->
      </class> <!-- Test -->
    </test> <!-- Default test -->
  </suite> <!-- Default suite -->
</testng-results>
